<?xml version="1.0" encoding="UTF-8"?>
<coverage generated="1540025767636" clover="3.2.0">
  <project timestamp="1540025767636" name="All files">
    <metrics statements="116" coveredstatements="80" conditionals="19" coveredconditionals="7" methods="45" coveredmethods="26" elements="180" coveredelements="113" complexity="0" loc="116" ncloc="116" packages="14" files="16" classes="16">
      <package name="gitCodeShare.com">
        <metrics statements="3" coveredstatements="3" conditionals="0" coveredconditionals="0" methods="0" coveredmethods="0"/>
        <file name="jest.setup.js" path="/Users/ingrowth/Documents/Projects/gitCodeShare.com/jest.setup.js">
          <metrics statements="3" coveredstatements="3" conditionals="0" coveredconditionals="0" methods="0" coveredmethods="0"/>
          <line num="1" count="8" type="stmt"/>
          <line num="2" count="8" type="stmt"/>
          <line num="4" count="8" type="stmt"/>
        </file>
      </package>
      <package name="gitCodeShare.com.common">
        <metrics statements="10" coveredstatements="2" conditionals="10" coveredconditionals="0" methods="3" coveredmethods="1"/>
        <file name="utils.tsx" path="/Users/ingrowth/Documents/Projects/gitCodeShare.com/common/utils.tsx">
          <metrics statements="10" coveredstatements="2" conditionals="10" coveredconditionals="0" methods="3" coveredmethods="1"/>
          <line num="5" count="6" type="stmt"/>
          <line num="6" count="0" type="cond" truecount="0" falsecount="2"/>
          <line num="7" count="0" type="cond" truecount="0" falsecount="2"/>
          <line num="8" count="0" type="cond" truecount="0" falsecount="2"/>
          <line num="9" count="0" type="stmt"/>
          <line num="12" count="0" type="stmt"/>
          <line num="13" count="0" type="cond" truecount="0" falsecount="4"/>
          <line num="14" count="0" type="stmt"/>
          <line num="16" count="0" type="stmt"/>
          <line num="20" count="23" type="stmt"/>
        </file>
      </package>
      <package name="gitCodeShare.com.components.MainFooter">
        <metrics statements="5" coveredstatements="4" conditionals="0" coveredconditionals="0" methods="2" coveredmethods="1"/>
        <file name="index.tsx" path="/Users/ingrowth/Documents/Projects/gitCodeShare.com/components/MainFooter/index.tsx">
          <metrics statements="5" coveredstatements="4" conditionals="0" coveredconditionals="0" methods="2" coveredmethods="1"/>
          <line num="8" count="1" type="stmt"/>
          <line num="9" count="1" type="stmt"/>
          <line num="12" count="0" type="stmt"/>
          <line num="15" count="1" type="stmt"/>
          <line num="26" count="1" type="stmt"/>
        </file>
      </package>
      <package name="gitCodeShare.com.components.MainNav">
        <metrics statements="19" coveredstatements="12" conditionals="0" coveredconditionals="0" methods="8" coveredmethods="3"/>
        <file name="index.tsx" path="/Users/ingrowth/Documents/Projects/gitCodeShare.com/components/MainNav/index.tsx">
          <metrics statements="19" coveredstatements="12" conditionals="0" coveredconditionals="0" methods="8" coveredmethods="3"/>
          <line num="20" count="1" type="stmt"/>
          <line num="21" count="1" type="stmt"/>
          <line num="25" count="0" type="stmt"/>
          <line num="28" count="1" type="stmt"/>
          <line num="43" count="0" type="stmt"/>
          <line num="45" count="0" type="stmt"/>
          <line num="50" count="0" type="stmt"/>
          <line num="52" count="0" type="stmt"/>
          <line num="57" count="1" type="stmt"/>
          <line num="75" count="1" type="stmt"/>
          <line num="79" count="1" type="stmt"/>
          <line num="80" count="1" type="stmt"/>
          <line num="81" count="0" type="stmt"/>
          <line num="82" count="0" type="stmt"/>
          <line num="84" count="1" type="stmt"/>
          <line num="85" count="1" type="stmt"/>
          <line num="90" count="2" type="stmt"/>
          <line num="91" count="2" type="stmt"/>
          <line num="92" count="2" type="stmt"/>
        </file>
      </package>
      <package name="gitCodeShare.com.providers">
        <metrics statements="22" coveredstatements="5" conditionals="2" coveredconditionals="2" methods="8" coveredmethods="0"/>
        <file name="ApiProvider.ts" path="/Users/ingrowth/Documents/Projects/gitCodeShare.com/providers/ApiProvider.ts">
          <metrics statements="22" coveredstatements="5" conditionals="2" coveredconditionals="2" methods="8" coveredmethods="0"/>
          <line num="4" count="1" type="cond" truecount="2" falsecount="0"/>
          <line num="5" count="1" type="stmt"/>
          <line num="7" count="1" type="stmt"/>
          <line num="10" count="0" type="stmt"/>
          <line num="11" count="0" type="stmt"/>
          <line num="14" count="0" type="stmt"/>
          <line num="15" count="0" type="stmt"/>
          <line num="20" count="0" type="stmt"/>
          <line num="23" count="0" type="stmt"/>
          <line num="26" count="0" type="stmt"/>
          <line num="29" count="0" type="stmt"/>
          <line num="33" count="0" type="stmt"/>
          <line num="36" count="0" type="stmt"/>
          <line num="39" count="0" type="stmt"/>
          <line num="40" count="0" type="stmt"/>
          <line num="46" count="1" type="stmt"/>
          <line num="49" count="0" type="stmt"/>
          <line num="50" count="0" type="stmt"/>
          <line num="54" count="0" type="stmt"/>
          <line num="55" count="0" type="stmt"/>
          <line num="58" count="1" type="stmt"/>
          <line num="59" count="0" type="stmt"/>
        </file>
        <file name="index.ts" path="/Users/ingrowth/Documents/Projects/gitCodeShare.com/providers/index.ts">
          <metrics statements="0" coveredstatements="0" conditionals="0" coveredconditionals="0" methods="0" coveredmethods="0"/>
        </file>
      </package>
      <package name="gitCodeShare.com.styledComponents">
        <metrics statements="1" coveredstatements="1" conditionals="0" coveredconditionals="0" methods="0" coveredmethods="0"/>
        <file name="index.ts" path="/Users/ingrowth/Documents/Projects/gitCodeShare.com/styledComponents/index.ts">
          <metrics statements="0" coveredstatements="0" conditionals="0" coveredconditionals="0" methods="0" coveredmethods="0"/>
        </file>
        <file name="theme.ts" path="/Users/ingrowth/Documents/Projects/gitCodeShare.com/styledComponents/theme.ts">
          <metrics statements="1" coveredstatements="1" conditionals="0" coveredconditionals="0" methods="0" coveredmethods="0"/>
          <line num="1" count="8" type="stmt"/>
        </file>
      </package>
      <package name="gitCodeShare.com.styledComponents.StyledAnimation">
        <metrics statements="0" coveredstatements="0" conditionals="0" coveredconditionals="0" methods="0" coveredmethods="0"/>
        <file name="index.tsx" path="/Users/ingrowth/Documents/Projects/gitCodeShare.com/styledComponents/StyledAnimation/index.tsx">
          <metrics statements="0" coveredstatements="0" conditionals="0" coveredconditionals="0" methods="0" coveredmethods="0"/>
        </file>
      </package>
      <package name="gitCodeShare.com.styledComponents.StyledBadge">
        <metrics statements="4" coveredstatements="4" conditionals="0" coveredconditionals="0" methods="1" coveredmethods="1"/>
        <file name="index.tsx" path="/Users/ingrowth/Documents/Projects/gitCodeShare.com/styledComponents/StyledBadge/index.tsx">
          <metrics statements="4" coveredstatements="4" conditionals="0" coveredconditionals="0" methods="1" coveredmethods="1"/>
          <line num="4" count="8" type="stmt"/>
          <line num="22" count="8" type="stmt"/>
          <line num="28" count="8" type="stmt"/>
          <line num="34" count="2" type="stmt"/>
        </file>
      </package>
      <package name="gitCodeShare.com.styledComponents.StyledButton">
        <metrics statements="20" coveredstatements="18" conditionals="0" coveredconditionals="0" methods="11" coveredmethods="9"/>
        <file name="index.tsx" path="/Users/ingrowth/Documents/Projects/gitCodeShare.com/styledComponents/StyledButton/index.tsx">
          <metrics statements="20" coveredstatements="18" conditionals="0" coveredconditionals="0" methods="11" coveredmethods="9"/>
          <line num="4" count="8" type="stmt"/>
          <line num="11" count="14" type="stmt"/>
          <line num="27" count="8" type="stmt"/>
          <line num="33" count="8" type="stmt"/>
          <line num="39" count="8" type="stmt"/>
          <line num="48" count="2" type="stmt"/>
          <line num="53" count="2" type="stmt"/>
          <line num="58" count="8" type="stmt"/>
          <line num="70" count="8" type="stmt"/>
          <line num="75" count="2" type="stmt"/>
          <line num="77" count="2" type="stmt"/>
          <line num="82" count="2" type="stmt"/>
          <line num="91" count="8" type="stmt"/>
          <line num="96" count="0" type="stmt"/>
          <line num="104" count="0" type="stmt"/>
          <line num="124" count="8" type="stmt"/>
          <line num="130" count="2" type="stmt"/>
          <line num="131" count="2" type="stmt"/>
          <line num="135" count="2" type="stmt"/>
          <line num="147" count="8" type="stmt"/>
        </file>
      </package>
      <package name="gitCodeShare.com.styledComponents.StyledCard">
        <metrics statements="10" coveredstatements="10" conditionals="0" coveredconditionals="0" methods="5" coveredmethods="5"/>
        <file name="index.tsx" path="/Users/ingrowth/Documents/Projects/gitCodeShare.com/styledComponents/StyledCard/index.tsx">
          <metrics statements="10" coveredstatements="10" conditionals="0" coveredconditionals="0" methods="5" coveredmethods="5"/>
          <line num="4" count="8" type="stmt"/>
          <line num="35" count="8" type="stmt"/>
          <line num="37" count="2" type="stmt"/>
          <line num="44" count="2" type="stmt"/>
          <line num="52" count="8" type="stmt"/>
          <line num="58" count="2" type="stmt"/>
          <line num="70" count="8" type="stmt"/>
          <line num="89" count="8" type="stmt"/>
          <line num="127" count="2" type="stmt"/>
          <line num="136" count="2" type="stmt"/>
        </file>
      </package>
      <package name="gitCodeShare.com.styledComponents.StyledDropDown">
        <metrics statements="2" coveredstatements="1" conditionals="0" coveredconditionals="0" methods="1" coveredmethods="0"/>
        <file name="index.tsx" path="/Users/ingrowth/Documents/Projects/gitCodeShare.com/styledComponents/StyledDropDown/index.tsx">
          <metrics statements="2" coveredstatements="1" conditionals="0" coveredconditionals="0" methods="1" coveredmethods="0"/>
          <line num="4" count="8" type="stmt"/>
          <line num="7" count="0" type="stmt"/>
        </file>
      </package>
      <package name="gitCodeShare.com.styledComponents.StyledFlexBox">
        <metrics statements="6" coveredstatements="6" conditionals="7" coveredconditionals="5" methods="1" coveredmethods="1"/>
        <file name="index.tsx" path="/Users/ingrowth/Documents/Projects/gitCodeShare.com/styledComponents/StyledFlexBox/index.tsx">
          <metrics statements="6" coveredstatements="6" conditionals="7" coveredconditionals="5" methods="1" coveredmethods="1"/>
          <line num="37" count="16" type="stmt"/>
          <line num="38" count="16" type="stmt"/>
          <line num="53" count="8" type="stmt"/>
          <line num="58" count="8" type="stmt"/>
          <line num="63" count="8" type="stmt"/>
          <line num="69" count="8" type="stmt"/>
        </file>
      </package>
      <package name="gitCodeShare.com.styledComponents.StyledLayout">
        <metrics statements="11" coveredstatements="11" conditionals="0" coveredconditionals="0" methods="4" coveredmethods="4"/>
        <file name="index.tsx" path="/Users/ingrowth/Documents/Projects/gitCodeShare.com/styledComponents/StyledLayout/index.tsx">
          <metrics statements="11" coveredstatements="11" conditionals="0" coveredconditionals="0" methods="4" coveredmethods="4"/>
          <line num="4" count="8" type="stmt"/>
          <line num="6" count="8" type="stmt"/>
          <line num="7" count="2" type="stmt"/>
          <line num="10" count="8" type="stmt"/>
          <line num="16" count="8" type="stmt"/>
          <line num="22" count="8" type="stmt"/>
          <line num="39" count="2" type="stmt"/>
          <line num="59" count="8" type="stmt"/>
          <line num="62" count="2" type="stmt"/>
          <line num="74" count="8" type="stmt"/>
          <line num="86" count="2" type="stmt"/>
        </file>
      </package>
      <package name="gitCodeShare.com.styledComponents.StyledMenu">
        <metrics statements="3" coveredstatements="3" conditionals="0" coveredconditionals="0" methods="1" coveredmethods="1"/>
        <file name="index.tsx" path="/Users/ingrowth/Documents/Projects/gitCodeShare.com/styledComponents/StyledMenu/index.tsx">
          <metrics statements="3" coveredstatements="3" conditionals="0" coveredconditionals="0" methods="1" coveredmethods="1"/>
          <line num="4" count="8" type="stmt"/>
          <line num="16" count="2" type="stmt"/>
          <line num="22" count="8" type="stmt"/>
        </file>
      </package>
    </metrics>
  </project>
</coverage>
