{"/Users/ingrowth/Documents/Projects/gitCodeShare.com/jest.setup.js": {"path":"/Users/ingrowth/Documents/Projects/gitCodeShare.com/jest.setup.js","statementMap":{"0":{"start":{"line":1,"column":15},"end":{"line":1,"column":32}},"1":{"start":{"line":2,"column":16},"end":{"line":2,"column":50}},"2":{"start":{"line":4,"column":0},"end":{"line":4,"column":45}}},"fnMap":{},"branchMap":{},"s":{"0":8,"1":8,"2":8},"f":{},"b":{},"_coverageSchema":"332fd63041d2c1bcb487cc26dd0d5f7d97098a6c","hash":"84b6df9f7d100a7f3e875afb372dc1974bf330bc"}
,"/Users/ingrowth/Documents/Projects/gitCodeShare.com/common/utils.tsx": {"path":"/Users/ingrowth/Documents/Projects/gitCodeShare.com/common/utils.tsx","statementMap":{"0":{"start":{"line":5,"column":22},"end":{"line":18,"column":1}},"1":{"start":{"line":6,"column":15},"end":{"line":6,"column":22}},"2":{"start":{"line":7,"column":14},"end":{"line":7,"column":23}},"3":{"start":{"line":8,"column":2},"end":{"line":10,"column":3}},"4":{"start":{"line":9,"column":4},"end":{"line":9,"column":56}},"5":{"start":{"line":12,"column":2},"end":{"line":17,"column":9}},"6":{"start":{"line":13,"column":4},"end":{"line":15,"column":5}},"7":{"start":{"line":14,"column":6},"end":{"line":14,"column":30}},"8":{"start":{"line":16,"column":4},"end":{"line":16,"column":17}},"9":{"start":{"line":20,"column":31},"end":{"line":20,"column":100}},"10":{"start":{"line":20,"column":44},"end":{"line":20,"column":100}}},"fnMap":{"0":{"name":"(anonymous_0)","decl":{"start":{"line":5,"column":22},"end":{"line":5,"column":23}},"loc":{"start":{"line":5,"column":32},"end":{"line":18,"column":1}},"line":5},"1":{"name":"(anonymous_1)","decl":{"start":{"line":12,"column":21},"end":{"line":12,"column":22}},"loc":{"start":{"line":12,"column":38},"end":{"line":17,"column":3}},"line":12},"2":{"name":"(anonymous_2)","decl":{"start":{"line":20,"column":31},"end":{"line":20,"column":32}},"loc":{"start":{"line":20,"column":44},"end":{"line":20,"column":100}},"line":20}},"branchMap":{"0":{"loc":{"start":{"line":6,"column":15},"end":{"line":6,"column":22}},"type":"binary-expr","locations":[{"start":{"line":6,"column":15},"end":{"line":6,"column":16}},{"start":{"line":6,"column":20},"end":{"line":6,"column":22}}],"line":6},"1":{"loc":{"start":{"line":7,"column":14},"end":{"line":7,"column":23}},"type":"binary-expr","locations":[{"start":{"line":7,"column":14},"end":{"line":7,"column":15}},{"start":{"line":7,"column":19},"end":{"line":7,"column":23}}],"line":7},"2":{"loc":{"start":{"line":8,"column":2},"end":{"line":10,"column":3}},"type":"if","locations":[{"start":{"line":8,"column":2},"end":{"line":10,"column":3}},{"start":{"line":8,"column":2},"end":{"line":10,"column":3}}],"line":8},"3":{"loc":{"start":{"line":13,"column":4},"end":{"line":15,"column":5}},"type":"if","locations":[{"start":{"line":13,"column":4},"end":{"line":15,"column":5}},{"start":{"line":13,"column":4},"end":{"line":15,"column":5}}],"line":13},"4":{"loc":{"start":{"line":13,"column":8},"end":{"line":13,"column":33}},"type":"binary-expr","locations":[{"start":{"line":13,"column":8},"end":{"line":13,"column":12}},{"start":{"line":13,"column":16},"end":{"line":13,"column":33}}],"line":13}},"s":{"0":6,"1":0,"2":0,"3":0,"4":0,"5":0,"6":0,"7":0,"8":0,"9":6,"10":23},"f":{"0":0,"1":0,"2":23},"b":{"0":[0,0],"1":[0,0],"2":[0,0],"3":[0,0],"4":[0,0]},"_coverageSchema":"332fd63041d2c1bcb487cc26dd0d5f7d97098a6c","hash":"11e264819199ecb0f1e3aea2646aafbc5476ca99"}
,"/Users/ingrowth/Documents/Projects/gitCodeShare.com/components/MainFooter/index.tsx": {"path":"/Users/ingrowth/Documents/Projects/gitCodeShare.com/components/MainFooter/index.tsx","statementMap":{"0":{"start":{"line":8,"column":19},"end":{"line":8,"column":25}},"1":{"start":{"line":9,"column":19},"end":{"line":13,"column":1}},"2":{"start":{"line":12,"column":31},"end":{"line":12,"column":55}},"3":{"start":{"line":15,"column":24},"end":{"line":22,"column":1}},"4":{"start":{"line":26,"column":4},"end":{"line":61,"column":6}}},"fnMap":{"0":{"name":"(anonymous_0)","decl":{"start":{"line":12,"column":22},"end":{"line":12,"column":23}},"loc":{"start":{"line":12,"column":31},"end":{"line":12,"column":55}},"line":12},"1":{"name":"(anonymous_1)","decl":{"start":{"line":25,"column":2},"end":{"line":25,"column":3}},"loc":{"start":{"line":25,"column":11},"end":{"line":62,"column":3}},"line":25}},"branchMap":{},"s":{"0":1,"1":1,"2":0,"3":1,"4":1},"f":{"0":0,"1":1},"b":{},"_coverageSchema":"332fd63041d2c1bcb487cc26dd0d5f7d97098a6c","hash":"d5a273bc67b18b23092b6e3026785865dc4214fb"}
,"/Users/ingrowth/Documents/Projects/gitCodeShare.com/components/MainNav/index.tsx": {"path":"/Users/ingrowth/Documents/Projects/gitCodeShare.com/components/MainNav/index.tsx","statementMap":{"0":{"start":{"line":20,"column":19},"end":{"line":20,"column":25}},"1":{"start":{"line":21,"column":12},"end":{"line":26,"column":1}},"2":{"start":{"line":25,"column":31},"end":{"line":25,"column":55}},"3":{"start":{"line":28,"column":21},"end":{"line":55,"column":1}},"4":{"start":{"line":43,"column":22},"end":{"line":43,"column":57}},"5":{"start":{"line":45,"column":35},"end":{"line":45,"column":70}},"6":{"start":{"line":50,"column":22},"end":{"line":50,"column":58}},"7":{"start":{"line":52,"column":35},"end":{"line":52,"column":71}},"8":{"start":{"line":57,"column":17},"end":{"line":66,"column":1}},"9":{"start":{"line":75,"column":4},"end":{"line":75,"column":19}},"10":{"start":{"line":79,"column":4},"end":{"line":86,"column":5}},"11":{"start":{"line":80,"column":19},"end":{"line":80,"column":63}},"12":{"start":{"line":81,"column":19},"end":{"line":81,"column":63}},"13":{"start":{"line":82,"column":6},"end":{"line":82,"column":36}},"14":{"start":{"line":84,"column":6},"end":{"line":84,"column":42}},"15":{"start":{"line":85,"column":6},"end":{"line":85,"column":23}},"16":{"start":{"line":90,"column":26},"end":{"line":90,"column":36}},"17":{"start":{"line":91,"column":27},"end":{"line":91,"column":37}},"18":{"start":{"line":92,"column":4},"end":{"line":135,"column":6}}},"fnMap":{"0":{"name":"(anonymous_0)","decl":{"start":{"line":25,"column":22},"end":{"line":25,"column":23}},"loc":{"start":{"line":25,"column":31},"end":{"line":25,"column":55}},"line":25},"1":{"name":"(anonymous_1)","decl":{"start":{"line":43,"column":13},"end":{"line":43,"column":14}},"loc":{"start":{"line":43,"column":22},"end":{"line":43,"column":57}},"line":43},"2":{"name":"(anonymous_2)","decl":{"start":{"line":45,"column":26},"end":{"line":45,"column":27}},"loc":{"start":{"line":45,"column":35},"end":{"line":45,"column":70}},"line":45},"3":{"name":"(anonymous_3)","decl":{"start":{"line":50,"column":13},"end":{"line":50,"column":14}},"loc":{"start":{"line":50,"column":22},"end":{"line":50,"column":58}},"line":50},"4":{"name":"(anonymous_4)","decl":{"start":{"line":52,"column":26},"end":{"line":52,"column":27}},"loc":{"start":{"line":52,"column":35},"end":{"line":52,"column":71}},"line":52},"5":{"name":"(anonymous_5)","decl":{"start":{"line":74,"column":2},"end":{"line":74,"column":3}},"loc":{"start":{"line":74,"column":22},"end":{"line":76,"column":3}},"line":74},"6":{"name":"(anonymous_6)","decl":{"start":{"line":78,"column":2},"end":{"line":78,"column":3}},"loc":{"start":{"line":78,"column":18},"end":{"line":87,"column":3}},"line":78},"7":{"name":"(anonymous_7)","decl":{"start":{"line":89,"column":2},"end":{"line":89,"column":3}},"loc":{"start":{"line":89,"column":11},"end":{"line":136,"column":3}},"line":89}},"branchMap":{},"s":{"0":1,"1":1,"2":0,"3":1,"4":0,"5":0,"6":0,"7":0,"8":1,"9":1,"10":1,"11":1,"12":0,"13":0,"14":1,"15":1,"16":2,"17":2,"18":2},"f":{"0":0,"1":0,"2":0,"3":0,"4":0,"5":1,"6":1,"7":2},"b":{},"_coverageSchema":"332fd63041d2c1bcb487cc26dd0d5f7d97098a6c","hash":"70910ec057f82c1a20e54ced208439bb80da645e"}
,"/Users/ingrowth/Documents/Projects/gitCodeShare.com/providers/ApiProvider.ts": {"path":"/Users/ingrowth/Documents/Projects/gitCodeShare.com/providers/ApiProvider.ts","statementMap":{"0":{"start":{"line":4,"column":21},"end":{"line":4,"column":64}},"1":{"start":{"line":5,"column":21},"end":{"line":5,"column":79}},"2":{"start":{"line":7,"column":20},"end":{"line":62,"column":1}},"3":{"start":{"line":10,"column":19},"end":{"line":10,"column":47}},"4":{"start":{"line":11,"column":6},"end":{"line":11,"column":25}},"5":{"start":{"line":14,"column":19},"end":{"line":14,"column":47}},"6":{"start":{"line":15,"column":6},"end":{"line":15,"column":25}},"7":{"start":{"line":20,"column":6},"end":{"line":20,"column":108}},"8":{"start":{"line":20,"column":83},"end":{"line":20,"column":94}},"9":{"start":{"line":23,"column":6},"end":{"line":23,"column":116}},"10":{"start":{"line":23,"column":91},"end":{"line":23,"column":102}},"11":{"start":{"line":26,"column":6},"end":{"line":26,"column":118}},"12":{"start":{"line":26,"column":93},"end":{"line":26,"column":104}},"13":{"start":{"line":29,"column":6},"end":{"line":33,"column":47}},"14":{"start":{"line":33,"column":22},"end":{"line":33,"column":33}},"15":{"start":{"line":36,"column":6},"end":{"line":36,"column":120}},"16":{"start":{"line":36,"column":95},"end":{"line":36,"column":106}},"17":{"start":{"line":39,"column":6},"end":{"line":41,"column":20}},"18":{"start":{"line":40,"column":8},"end":{"line":40,"column":19}},"19":{"start":{"line":46,"column":6},"end":{"line":46,"column":96}},"20":{"start":{"line":46,"column":72},"end":{"line":46,"column":83}},"21":{"start":{"line":49,"column":6},"end":{"line":51,"column":25}},"22":{"start":{"line":50,"column":8},"end":{"line":50,"column":19}},"23":{"start":{"line":54,"column":19},"end":{"line":54,"column":43}},"24":{"start":{"line":55,"column":6},"end":{"line":55,"column":45}},"25":{"start":{"line":58,"column":19},"end":{"line":58,"column":43}},"26":{"start":{"line":59,"column":6},"end":{"line":59,"column":40}}},"fnMap":{"0":{"name":"(anonymous_0)","decl":{"start":{"line":20,"column":75},"end":{"line":20,"column":76}},"loc":{"start":{"line":20,"column":83},"end":{"line":20,"column":94}},"line":20},"1":{"name":"(anonymous_1)","decl":{"start":{"line":23,"column":83},"end":{"line":23,"column":84}},"loc":{"start":{"line":23,"column":91},"end":{"line":23,"column":102}},"line":23},"2":{"name":"(anonymous_2)","decl":{"start":{"line":26,"column":85},"end":{"line":26,"column":86}},"loc":{"start":{"line":26,"column":93},"end":{"line":26,"column":104}},"line":26},"3":{"name":"(anonymous_3)","decl":{"start":{"line":33,"column":14},"end":{"line":33,"column":15}},"loc":{"start":{"line":33,"column":22},"end":{"line":33,"column":33}},"line":33},"4":{"name":"(anonymous_4)","decl":{"start":{"line":36,"column":87},"end":{"line":36,"column":88}},"loc":{"start":{"line":36,"column":95},"end":{"line":36,"column":106}},"line":36},"5":{"name":"(anonymous_5)","decl":{"start":{"line":39,"column":88},"end":{"line":39,"column":89}},"loc":{"start":{"line":40,"column":8},"end":{"line":40,"column":19}},"line":40},"6":{"name":"(anonymous_6)","decl":{"start":{"line":46,"column":64},"end":{"line":46,"column":65}},"loc":{"start":{"line":46,"column":72},"end":{"line":46,"column":83}},"line":46},"7":{"name":"(anonymous_7)","decl":{"start":{"line":49,"column":88},"end":{"line":49,"column":89}},"loc":{"start":{"line":50,"column":8},"end":{"line":50,"column":19}},"line":50}},"branchMap":{"0":{"loc":{"start":{"line":4,"column":21},"end":{"line":4,"column":64}},"type":"binary-expr","locations":[{"start":{"line":4,"column":21},"end":{"line":4,"column":54}},{"start":{"line":4,"column":58},"end":{"line":4,"column":64}}],"line":4}},"s":{"0":1,"1":1,"2":1,"3":0,"4":0,"5":0,"6":0,"7":0,"8":0,"9":0,"10":0,"11":0,"12":0,"13":0,"14":0,"15":0,"16":0,"17":0,"18":0,"19":1,"20":0,"21":0,"22":0,"23":0,"24":0,"25":1,"26":0},"f":{"0":0,"1":0,"2":0,"3":0,"4":0,"5":0,"6":0,"7":0},"b":{"0":[1,1]},"_coverageSchema":"332fd63041d2c1bcb487cc26dd0d5f7d97098a6c","hash":"07f2ab78500f7746a268042f81d9dd0204bf12b4"}
,"/Users/ingrowth/Documents/Projects/gitCodeShare.com/providers/index.ts": {"path":"/Users/ingrowth/Documents/Projects/gitCodeShare.com/providers/index.ts","statementMap":{},"fnMap":{},"branchMap":{},"s":{},"f":{},"b":{},"_coverageSchema":"332fd63041d2c1bcb487cc26dd0d5f7d97098a6c","hash":"6e20abef0680a23883bdcf6e6c44e09785598948"}
,"/Users/ingrowth/Documents/Projects/gitCodeShare.com/styledComponents/index.ts": {"path":"/Users/ingrowth/Documents/Projects/gitCodeShare.com/styledComponents/index.ts","statementMap":{},"fnMap":{},"branchMap":{},"s":{},"f":{},"b":{},"_coverageSchema":"332fd63041d2c1bcb487cc26dd0d5f7d97098a6c","hash":"d9b17ef39c7a6e0a13cbdd6e9f9b21e2ded8ef04"}
,"/Users/ingrowth/Documents/Projects/gitCodeShare.com/styledComponents/theme.ts": {"path":"/Users/ingrowth/Documents/Projects/gitCodeShare.com/styledComponents/theme.ts","statementMap":{"0":{"start":{"line":1,"column":14},"end":{"line":15,"column":1}}},"fnMap":{},"branchMap":{},"s":{"0":8},"f":{},"b":{},"_coverageSchema":"332fd63041d2c1bcb487cc26dd0d5f7d97098a6c","hash":"7263a565c676baede1a9ca083bfdbe77218f3fa7"}
,"/Users/ingrowth/Documents/Projects/gitCodeShare.com/styledComponents/StyledAnimation/index.tsx": {"path":"/Users/ingrowth/Documents/Projects/gitCodeShare.com/styledComponents/StyledAnimation/index.tsx","statementMap":{},"fnMap":{},"branchMap":{},"s":{},"f":{},"b":{},"_coverageSchema":"332fd63041d2c1bcb487cc26dd0d5f7d97098a6c","hash":"79222078db4f332ad556568f0acd3df6bf08845e"}
,"/Users/ingrowth/Documents/Projects/gitCodeShare.com/styledComponents/StyledBadge/index.tsx": {"path":"/Users/ingrowth/Documents/Projects/gitCodeShare.com/styledComponents/StyledBadge/index.tsx","statementMap":{"0":{"start":{"line":4,"column":24},"end":{"line":20,"column":1}},"1":{"start":{"line":22,"column":45},"end":{"line":26,"column":1}},"2":{"start":{"line":28,"column":41},"end":{"line":37,"column":8}},"3":{"start":{"line":34,"column":24},"end":{"line":34,"column":61}}},"fnMap":{"0":{"name":"(anonymous_0)","decl":{"start":{"line":34,"column":15},"end":{"line":34,"column":16}},"loc":{"start":{"line":34,"column":24},"end":{"line":34,"column":61}},"line":34}},"branchMap":{},"s":{"0":8,"1":8,"2":8,"3":2},"f":{"0":2},"b":{},"_coverageSchema":"332fd63041d2c1bcb487cc26dd0d5f7d97098a6c","hash":"7b21bd88430d5deee9ad498e9351b043470493a5"}
,"/Users/ingrowth/Documents/Projects/gitCodeShare.com/styledComponents/StyledButton/index.tsx": {"path":"/Users/ingrowth/Documents/Projects/gitCodeShare.com/styledComponents/StyledButton/index.tsx","statementMap":{"0":{"start":{"line":4,"column":25},"end":{"line":25,"column":1}},"1":{"start":{"line":11,"column":22},"end":{"line":11,"column":50}},"2":{"start":{"line":27,"column":47},"end":{"line":31,"column":8}},"3":{"start":{"line":33,"column":50},"end":{"line":37,"column":8}},"4":{"start":{"line":39,"column":43},"end":{"line":56,"column":8}},"5":{"start":{"line":48,"column":24},"end":{"line":48,"column":52}},"6":{"start":{"line":53,"column":24},"end":{"line":53,"column":61}},"7":{"start":{"line":58,"column":50},"end":{"line":68,"column":1}},"8":{"start":{"line":70,"column":45},"end":{"line":90,"column":1}},"9":{"start":{"line":75,"column":33},"end":{"line":75,"column":66}},"10":{"start":{"line":77,"column":39},"end":{"line":77,"column":76}},"11":{"start":{"line":82,"column":35},"end":{"line":82,"column":68}},"12":{"start":{"line":91,"column":43},"end":{"line":123,"column":1}},"13":{"start":{"line":96,"column":33},"end":{"line":96,"column":66}},"14":{"start":{"line":104,"column":35},"end":{"line":104,"column":68}},"15":{"start":{"line":124,"column":41},"end":{"line":145,"column":1}},"16":{"start":{"line":130,"column":33},"end":{"line":130,"column":57}},"17":{"start":{"line":131,"column":29},"end":{"line":131,"column":62}},"18":{"start":{"line":135,"column":35},"end":{"line":135,"column":68}},"19":{"start":{"line":147,"column":45},"end":{"line":159,"column":1}}},"fnMap":{"0":{"name":"(anonymous_0)","decl":{"start":{"line":11,"column":13},"end":{"line":11,"column":14}},"loc":{"start":{"line":11,"column":22},"end":{"line":11,"column":50}},"line":11},"1":{"name":"(anonymous_1)","decl":{"start":{"line":48,"column":15},"end":{"line":48,"column":16}},"loc":{"start":{"line":48,"column":24},"end":{"line":48,"column":52}},"line":48},"2":{"name":"(anonymous_2)","decl":{"start":{"line":53,"column":15},"end":{"line":53,"column":16}},"loc":{"start":{"line":53,"column":24},"end":{"line":53,"column":61}},"line":53},"3":{"name":"(anonymous_3)","decl":{"start":{"line":75,"column":24},"end":{"line":75,"column":25}},"loc":{"start":{"line":75,"column":33},"end":{"line":75,"column":66}},"line":75},"4":{"name":"(anonymous_4)","decl":{"start":{"line":77,"column":30},"end":{"line":77,"column":31}},"loc":{"start":{"line":77,"column":39},"end":{"line":77,"column":76}},"line":77},"5":{"name":"(anonymous_5)","decl":{"start":{"line":82,"column":26},"end":{"line":82,"column":27}},"loc":{"start":{"line":82,"column":35},"end":{"line":82,"column":68}},"line":82},"6":{"name":"(anonymous_6)","decl":{"start":{"line":96,"column":24},"end":{"line":96,"column":25}},"loc":{"start":{"line":96,"column":33},"end":{"line":96,"column":66}},"line":96},"7":{"name":"(anonymous_7)","decl":{"start":{"line":104,"column":26},"end":{"line":104,"column":27}},"loc":{"start":{"line":104,"column":35},"end":{"line":104,"column":68}},"line":104},"8":{"name":"(anonymous_8)","decl":{"start":{"line":130,"column":24},"end":{"line":130,"column":25}},"loc":{"start":{"line":130,"column":33},"end":{"line":130,"column":57}},"line":130},"9":{"name":"(anonymous_9)","decl":{"start":{"line":131,"column":20},"end":{"line":131,"column":21}},"loc":{"start":{"line":131,"column":29},"end":{"line":131,"column":62}},"line":131},"10":{"name":"(anonymous_10)","decl":{"start":{"line":135,"column":26},"end":{"line":135,"column":27}},"loc":{"start":{"line":135,"column":35},"end":{"line":135,"column":68}},"line":135}},"branchMap":{},"s":{"0":8,"1":14,"2":8,"3":8,"4":8,"5":2,"6":2,"7":8,"8":8,"9":2,"10":2,"11":2,"12":8,"13":0,"14":0,"15":8,"16":2,"17":2,"18":2,"19":8},"f":{"0":14,"1":2,"2":2,"3":2,"4":2,"5":2,"6":0,"7":0,"8":2,"9":2,"10":2},"b":{},"_coverageSchema":"332fd63041d2c1bcb487cc26dd0d5f7d97098a6c","hash":"17fcfa03dfc0becf0215fe32d4fa5d932834d1ce"}
,"/Users/ingrowth/Documents/Projects/gitCodeShare.com/styledComponents/StyledCard/index.tsx": {"path":"/Users/ingrowth/Documents/Projects/gitCodeShare.com/styledComponents/StyledCard/index.tsx","statementMap":{"0":{"start":{"line":4,"column":14},"end":{"line":33,"column":1}},"1":{"start":{"line":35,"column":18},"end":{"line":50,"column":1}},"2":{"start":{"line":37,"column":22},"end":{"line":37,"column":50}},"3":{"start":{"line":44,"column":22},"end":{"line":44,"column":55}},"4":{"start":{"line":52,"column":24},"end":{"line":68,"column":1}},"5":{"start":{"line":58,"column":22},"end":{"line":58,"column":59}},"6":{"start":{"line":70,"column":17},"end":{"line":87,"column":1}},"7":{"start":{"line":89,"column":21},"end":{"line":143,"column":1}},"8":{"start":{"line":127,"column":22},"end":{"line":127,"column":50}},"9":{"start":{"line":136,"column":22},"end":{"line":136,"column":50}}},"fnMap":{"0":{"name":"(anonymous_0)","decl":{"start":{"line":37,"column":13},"end":{"line":37,"column":14}},"loc":{"start":{"line":37,"column":22},"end":{"line":37,"column":50}},"line":37},"1":{"name":"(anonymous_1)","decl":{"start":{"line":44,"column":13},"end":{"line":44,"column":14}},"loc":{"start":{"line":44,"column":22},"end":{"line":44,"column":55}},"line":44},"2":{"name":"(anonymous_2)","decl":{"start":{"line":58,"column":13},"end":{"line":58,"column":14}},"loc":{"start":{"line":58,"column":22},"end":{"line":58,"column":59}},"line":58},"3":{"name":"(anonymous_3)","decl":{"start":{"line":127,"column":13},"end":{"line":127,"column":14}},"loc":{"start":{"line":127,"column":22},"end":{"line":127,"column":50}},"line":127},"4":{"name":"(anonymous_4)","decl":{"start":{"line":136,"column":13},"end":{"line":136,"column":14}},"loc":{"start":{"line":136,"column":22},"end":{"line":136,"column":50}},"line":136}},"branchMap":{},"s":{"0":8,"1":8,"2":2,"3":2,"4":8,"5":2,"6":8,"7":8,"8":2,"9":2},"f":{"0":2,"1":2,"2":2,"3":2,"4":2},"b":{},"_coverageSchema":"332fd63041d2c1bcb487cc26dd0d5f7d97098a6c","hash":"a80a5d4b58d01d239abb6b126df049e2b141ea9b"}
,"/Users/ingrowth/Documents/Projects/gitCodeShare.com/styledComponents/StyledDropDown/index.tsx": {"path":"/Users/ingrowth/Documents/Projects/gitCodeShare.com/styledComponents/StyledDropDown/index.tsx","statementMap":{"0":{"start":{"line":4,"column":23},"end":{"line":9,"column":8}},"1":{"start":{"line":7,"column":22},"end":{"line":7,"column":50}}},"fnMap":{"0":{"name":"(anonymous_0)","decl":{"start":{"line":7,"column":13},"end":{"line":7,"column":14}},"loc":{"start":{"line":7,"column":22},"end":{"line":7,"column":50}},"line":7}},"branchMap":{},"s":{"0":8,"1":0},"f":{"0":0},"b":{},"_coverageSchema":"332fd63041d2c1bcb487cc26dd0d5f7d97098a6c","hash":"af529179b1d8d9df3649ed212e460aed961693ec"}
,"/Users/ingrowth/Documents/Projects/gitCodeShare.com/styledComponents/StyledFlexBox/index.tsx": {"path":"/Users/ingrowth/Documents/Projects/gitCodeShare.com/styledComponents/StyledFlexBox/index.tsx","statementMap":{"0":{"start":{"line":37,"column":6},"end":{"line":37,"column":11}},"1":{"start":{"line":38,"column":2},"end":{"line":50,"column":4}},"2":{"start":{"line":53,"column":23},"end":{"line":56,"column":2}},"3":{"start":{"line":58,"column":26},"end":{"line":61,"column":2}},"4":{"start":{"line":63,"column":27},"end":{"line":67,"column":1}},"5":{"start":{"line":69,"column":28},"end":{"line":73,"column":1}}},"fnMap":{"0":{"name":"StyledFlexBox","decl":{"start":{"line":28,"column":16},"end":{"line":28,"column":29}},"loc":{"start":{"line":28,"column":52},"end":{"line":51,"column":1}},"line":28}},"branchMap":{"0":{"loc":{"start":{"line":30,"column":4},"end":{"line":30,"column":24}},"type":"default-arg","locations":[{"start":{"line":30,"column":16},"end":{"line":30,"column":24}}],"line":30},"1":{"loc":{"start":{"line":31,"column":4},"end":{"line":31,"column":26}},"type":"default-arg","locations":[{"start":{"line":31,"column":14},"end":{"line":31,"column":26}}],"line":31},"2":{"loc":{"start":{"line":32,"column":4},"end":{"line":32,"column":24}},"type":"default-arg","locations":[{"start":{"line":32,"column":12},"end":{"line":32,"column":24}}],"line":32},"3":{"loc":{"start":{"line":33,"column":4},"end":{"line":33,"column":19}},"type":"default-arg","locations":[{"start":{"line":33,"column":11},"end":{"line":33,"column":19}}],"line":33},"4":{"loc":{"start":{"line":34,"column":4},"end":{"line":34,"column":18}},"type":"default-arg","locations":[{"start":{"line":34,"column":12},"end":{"line":34,"column":18}}],"line":34},"5":{"loc":{"start":{"line":35,"column":4},"end":{"line":35,"column":19}},"type":"default-arg","locations":[{"start":{"line":35,"column":13},"end":{"line":35,"column":19}}],"line":35},"6":{"loc":{"start":{"line":36,"column":12},"end":{"line":36,"column":29}},"type":"default-arg","locations":[{"start":{"line":36,"column":27},"end":{"line":36,"column":29}}],"line":36}},"s":{"0":16,"1":16,"2":8,"3":8,"4":8,"5":8},"f":{"0":16},"b":{"0":[0],"1":[16],"2":[16],"3":[0],"4":[16],"5":[16],"6":[16]},"_coverageSchema":"332fd63041d2c1bcb487cc26dd0d5f7d97098a6c","hash":"d3c9f6c0765e943016d6f14b9453b20d902fdb82"}
,"/Users/ingrowth/Documents/Projects/gitCodeShare.com/styledComponents/StyledLayout/index.tsx": {"path":"/Users/ingrowth/Documents/Projects/gitCodeShare.com/styledComponents/StyledLayout/index.tsx","statementMap":{"0":{"start":{"line":4,"column":20},"end":{"line":4,"column":26}},"1":{"start":{"line":6,"column":16},"end":{"line":8,"column":1}},"2":{"start":{"line":7,"column":31},"end":{"line":7,"column":55}},"3":{"start":{"line":10,"column":19},"end":{"line":14,"column":1}},"4":{"start":{"line":16,"column":19},"end":{"line":20,"column":1}},"5":{"start":{"line":22,"column":20},"end":{"line":57,"column":1}},"6":{"start":{"line":39,"column":22},"end":{"line":39,"column":50}},"7":{"start":{"line":59,"column":20},"end":{"line":72,"column":1}},"8":{"start":{"line":62,"column":33},"end":{"line":62,"column":57}},"9":{"start":{"line":74,"column":21},"end":{"line":93,"column":1}},"10":{"start":{"line":86,"column":33},"end":{"line":86,"column":70}}},"fnMap":{"0":{"name":"(anonymous_0)","decl":{"start":{"line":7,"column":22},"end":{"line":7,"column":23}},"loc":{"start":{"line":7,"column":31},"end":{"line":7,"column":55}},"line":7},"1":{"name":"(anonymous_1)","decl":{"start":{"line":39,"column":13},"end":{"line":39,"column":14}},"loc":{"start":{"line":39,"column":22},"end":{"line":39,"column":50}},"line":39},"2":{"name":"(anonymous_2)","decl":{"start":{"line":62,"column":24},"end":{"line":62,"column":25}},"loc":{"start":{"line":62,"column":33},"end":{"line":62,"column":57}},"line":62},"3":{"name":"(anonymous_3)","decl":{"start":{"line":86,"column":24},"end":{"line":86,"column":25}},"loc":{"start":{"line":86,"column":33},"end":{"line":86,"column":70}},"line":86}},"branchMap":{},"s":{"0":8,"1":8,"2":2,"3":8,"4":8,"5":8,"6":2,"7":8,"8":2,"9":8,"10":2},"f":{"0":2,"1":2,"2":2,"3":2},"b":{},"_coverageSchema":"332fd63041d2c1bcb487cc26dd0d5f7d97098a6c","hash":"77d25620d47b1c3fa205cdf9d81e551356085401"}
,"/Users/ingrowth/Documents/Projects/gitCodeShare.com/styledComponents/StyledMenu/index.tsx": {"path":"/Users/ingrowth/Documents/Projects/gitCodeShare.com/styledComponents/StyledMenu/index.tsx","statementMap":{"0":{"start":{"line":4,"column":33},"end":{"line":20,"column":8}},"1":{"start":{"line":16,"column":26},"end":{"line":16,"column":54}},"2":{"start":{"line":22,"column":34},"end":{"line":49,"column":8}}},"fnMap":{"0":{"name":"(anonymous_0)","decl":{"start":{"line":16,"column":17},"end":{"line":16,"column":18}},"loc":{"start":{"line":16,"column":26},"end":{"line":16,"column":54}},"line":16}},"branchMap":{},"s":{"0":8,"1":2,"2":8},"f":{"0":2},"b":{},"_coverageSchema":"332fd63041d2c1bcb487cc26dd0d5f7d97098a6c","hash":"98d2fedb6cfd47cee44fe9db5f97a282e9b0cfc5"}
}
