TN:
SF:/Users/ingrowth/Documents/Projects/gitCodeShare.com/jest.setup.js
FNF:0
FNH:0
DA:1,8
DA:2,8
DA:4,8
LF:3
LH:3
BRF:0
BRH:0
end_of_record
TN:
SF:/Users/ingrowth/Documents/Projects/gitCodeShare.com/common/utils.tsx
FN:5,(anonymous_0)
FN:12,(anonymous_1)
FN:20,(anonymous_2)
FNF:3
FNH:1
FNDA:0,(anonymous_0)
FNDA:0,(anonymous_1)
FNDA:23,(anonymous_2)
DA:5,6
DA:6,0
DA:7,0
DA:8,0
DA:9,0
DA:12,0
DA:13,0
DA:14,0
DA:16,0
DA:20,23
LF:10
LH:2
BRDA:6,0,0,0
BRDA:6,0,1,0
BRDA:7,1,0,0
BRDA:7,1,1,0
BRDA:8,2,0,0
BRDA:8,2,1,0
BRDA:13,3,0,0
BRDA:13,3,1,0
BRDA:13,4,0,0
BRDA:13,4,1,0
BRF:10
BRH:0
end_of_record
TN:
SF:/Users/ingrowth/Documents/Projects/gitCodeShare.com/components/MainFooter/index.tsx
FN:12,(anonymous_0)
FN:25,(anonymous_1)
FNF:2
FNH:1
FNDA:0,(anonymous_0)
FNDA:1,(anonymous_1)
DA:8,1
DA:9,1
DA:12,0
DA:15,1
DA:26,1
LF:5
LH:4
BRF:0
BRH:0
end_of_record
TN:
SF:/Users/ingrowth/Documents/Projects/gitCodeShare.com/components/MainNav/index.tsx
FN:25,(anonymous_0)
FN:43,(anonymous_1)
FN:45,(anonymous_2)
FN:50,(anonymous_3)
FN:52,(anonymous_4)
FN:74,(anonymous_5)
FN:78,(anonymous_6)
FN:89,(anonymous_7)
FNF:8
FNH:3
FNDA:0,(anonymous_0)
FNDA:0,(anonymous_1)
FNDA:0,(anonymous_2)
FNDA:0,(anonymous_3)
FNDA:0,(anonymous_4)
FNDA:1,(anonymous_5)
FNDA:1,(anonymous_6)
FNDA:2,(anonymous_7)
DA:20,1
DA:21,1
DA:25,0
DA:28,1
DA:43,0
DA:45,0
DA:50,0
DA:52,0
DA:57,1
DA:75,1
DA:79,1
DA:80,1
DA:81,0
DA:82,0
DA:84,1
DA:85,1
DA:90,2
DA:91,2
DA:92,2
LF:19
LH:12
BRF:0
BRH:0
end_of_record
TN:
SF:/Users/ingrowth/Documents/Projects/gitCodeShare.com/providers/ApiProvider.ts
FN:20,(anonymous_0)
FN:23,(anonymous_1)
FN:26,(anonymous_2)
FN:33,(anonymous_3)
FN:36,(anonymous_4)
FN:39,(anonymous_5)
FN:46,(anonymous_6)
FN:49,(anonymous_7)
FNF:8
FNH:0
FNDA:0,(anonymous_0)
FNDA:0,(anonymous_1)
FNDA:0,(anonymous_2)
FNDA:0,(anonymous_3)
FNDA:0,(anonymous_4)
FNDA:0,(anonymous_5)
FNDA:0,(anonymous_6)
FNDA:0,(anonymous_7)
DA:4,1
DA:5,1
DA:7,1
DA:10,0
DA:11,0
DA:14,0
DA:15,0
DA:20,0
DA:23,0
DA:26,0
DA:29,0
DA:33,0
DA:36,0
DA:39,0
DA:40,0
DA:46,1
DA:49,0
DA:50,0
DA:54,0
DA:55,0
DA:58,1
DA:59,0
LF:22
LH:5
BRDA:4,0,0,1
BRDA:4,0,1,1
BRF:2
BRH:2
end_of_record
TN:
SF:/Users/ingrowth/Documents/Projects/gitCodeShare.com/providers/index.ts
FNF:0
FNH:0
LF:0
LH:0
BRF:0
BRH:0
end_of_record
TN:
SF:/Users/ingrowth/Documents/Projects/gitCodeShare.com/styledComponents/index.ts
FNF:0
FNH:0
LF:0
LH:0
BRF:0
BRH:0
end_of_record
TN:
SF:/Users/ingrowth/Documents/Projects/gitCodeShare.com/styledComponents/theme.ts
FNF:0
FNH:0
DA:1,8
LF:1
LH:1
BRF:0
BRH:0
end_of_record
TN:
SF:/Users/ingrowth/Documents/Projects/gitCodeShare.com/styledComponents/StyledAnimation/index.tsx
FNF:0
FNH:0
LF:0
LH:0
BRF:0
BRH:0
end_of_record
TN:
SF:/Users/ingrowth/Documents/Projects/gitCodeShare.com/styledComponents/StyledBadge/index.tsx
FN:34,(anonymous_0)
FNF:1
FNH:1
FNDA:2,(anonymous_0)
DA:4,8
DA:22,8
DA:28,8
DA:34,2
LF:4
LH:4
BRF:0
BRH:0
end_of_record
TN:
SF:/Users/ingrowth/Documents/Projects/gitCodeShare.com/styledComponents/StyledButton/index.tsx
FN:11,(anonymous_0)
FN:48,(anonymous_1)
FN:53,(anonymous_2)
FN:75,(anonymous_3)
FN:77,(anonymous_4)
FN:82,(anonymous_5)
FN:96,(anonymous_6)
FN:104,(anonymous_7)
FN:130,(anonymous_8)
FN:131,(anonymous_9)
FN:135,(anonymous_10)
FNF:11
FNH:9
FNDA:14,(anonymous_0)
FNDA:2,(anonymous_1)
FNDA:2,(anonymous_2)
FNDA:2,(anonymous_3)
FNDA:2,(anonymous_4)
FNDA:2,(anonymous_5)
FNDA:0,(anonymous_6)
FNDA:0,(anonymous_7)
FNDA:2,(anonymous_8)
FNDA:2,(anonymous_9)
FNDA:2,(anonymous_10)
DA:4,8
DA:11,14
DA:27,8
DA:33,8
DA:39,8
DA:48,2
DA:53,2
DA:58,8
DA:70,8
DA:75,2
DA:77,2
DA:82,2
DA:91,8
DA:96,0
DA:104,0
DA:124,8
DA:130,2
DA:131,2
DA:135,2
DA:147,8
LF:20
LH:18
BRF:0
BRH:0
end_of_record
TN:
SF:/Users/ingrowth/Documents/Projects/gitCodeShare.com/styledComponents/StyledCard/index.tsx
FN:37,(anonymous_0)
FN:44,(anonymous_1)
FN:58,(anonymous_2)
FN:127,(anonymous_3)
FN:136,(anonymous_4)
FNF:5
FNH:5
FNDA:2,(anonymous_0)
FNDA:2,(anonymous_1)
FNDA:2,(anonymous_2)
FNDA:2,(anonymous_3)
FNDA:2,(anonymous_4)
DA:4,8
DA:35,8
DA:37,2
DA:44,2
DA:52,8
DA:58,2
DA:70,8
DA:89,8
DA:127,2
DA:136,2
LF:10
LH:10
BRF:0
BRH:0
end_of_record
TN:
SF:/Users/ingrowth/Documents/Projects/gitCodeShare.com/styledComponents/StyledDropDown/index.tsx
FN:7,(anonymous_0)
FNF:1
FNH:0
FNDA:0,(anonymous_0)
DA:4,8
DA:7,0
LF:2
LH:1
BRF:0
BRH:0
end_of_record
TN:
SF:/Users/ingrowth/Documents/Projects/gitCodeShare.com/styledComponents/StyledFlexBox/index.tsx
FN:28,StyledFlexBox
FNF:1
FNH:1
FNDA:16,StyledFlexBox
DA:37,16
DA:38,16
DA:53,8
DA:58,8
DA:63,8
DA:69,8
LF:6
LH:6
BRDA:30,0,0,0
BRDA:31,1,0,16
BRDA:32,2,0,16
BRDA:33,3,0,0
BRDA:34,4,0,16
BRDA:35,5,0,16
BRDA:36,6,0,16
BRF:7
BRH:5
end_of_record
TN:
SF:/Users/ingrowth/Documents/Projects/gitCodeShare.com/styledComponents/StyledLayout/index.tsx
FN:7,(anonymous_0)
FN:39,(anonymous_1)
FN:62,(anonymous_2)
FN:86,(anonymous_3)
FNF:4
FNH:4
FNDA:2,(anonymous_0)
FNDA:2,(anonymous_1)
FNDA:2,(anonymous_2)
FNDA:2,(anonymous_3)
DA:4,8
DA:6,8
DA:7,2
DA:10,8
DA:16,8
DA:22,8
DA:39,2
DA:59,8
DA:62,2
DA:74,8
DA:86,2
LF:11
LH:11
BRF:0
BRH:0
end_of_record
TN:
SF:/Users/ingrowth/Documents/Projects/gitCodeShare.com/styledComponents/StyledMenu/index.tsx
FN:16,(anonymous_0)
FNF:1
FNH:1
FNDA:2,(anonymous_0)
DA:4,8
DA:16,2
DA:22,8
LF:3
LH:3
BRF:0
BRH:0
end_of_record
